Determining if files alsa/asoundlib.h exist failed with the following output:
Change Dir: /Users/webbhinton/my-fltk-examples/build_app/target/debug/build/fltk-sys-29840191a8293069/out/build/CMakeFiles/CMakeTmp

Run Build Command(s):/usr/bin/make cmTC_e4b3d/fast && /Library/Developer/CommandLineTools/usr/bin/make  -f CMakeFiles/cmTC_e4b3d.dir/build.make CMakeFiles/cmTC_e4b3d.dir/build
Building C object CMakeFiles/cmTC_e4b3d.dir/HAVE_ALSA_ASOUNDLIB_H.c.o
/usr/bin/cc   -ffunction-sections -fdata-sections -fPIC -m64 -arch x86_64  -isysroot /Library/Developer/CommandLineTools/SDKs/MacOSX11.1.sdk -o CMakeFiles/cmTC_e4b3d.dir/HAVE_ALSA_ASOUNDLIB_H.c.o -c /Users/webbhinton/my-fltk-examples/build_app/target/debug/build/fltk-sys-29840191a8293069/out/build/CMakeFiles/CheckIncludeFiles/HAVE_ALSA_ASOUNDLIB_H.c
/Users/webbhinton/my-fltk-examples/build_app/target/debug/build/fltk-sys-29840191a8293069/out/build/CMakeFiles/CheckIncludeFiles/HAVE_ALSA_ASOUNDLIB_H.c:2:10: fatal error: 'alsa/asoundlib.h' file not found
#include <alsa/asoundlib.h>
         ^~~~~~~~~~~~~~~~~~
1 error generated.
make[1]: *** [CMakeFiles/cmTC_e4b3d.dir/HAVE_ALSA_ASOUNDLIB_H.c.o] Error 1
make: *** [cmTC_e4b3d/fast] Error 2


Source:
/* */
#include <alsa/asoundlib.h>


int main(void){return 0;}

Determining if files GL/glu.h exist failed with the following output:
Change Dir: /Users/webbhinton/my-fltk-examples/build_app/target/debug/build/fltk-sys-29840191a8293069/out/build/CMakeFiles/CMakeTmp

Run Build Command(s):/usr/bin/make cmTC_e91ec/fast && /Library/Developer/CommandLineTools/usr/bin/make  -f CMakeFiles/cmTC_e91ec.dir/build.make CMakeFiles/cmTC_e91ec.dir/build
Building C object CMakeFiles/cmTC_e91ec.dir/HAVE_GL_GLU_H.c.o
/usr/bin/cc   -ffunction-sections -fdata-sections -fPIC -m64 -arch x86_64  -isysroot /Library/Developer/CommandLineTools/SDKs/MacOSX11.1.sdk -o CMakeFiles/cmTC_e91ec.dir/HAVE_GL_GLU_H.c.o -c /Users/webbhinton/my-fltk-examples/build_app/target/debug/build/fltk-sys-29840191a8293069/out/build/CMakeFiles/CheckIncludeFiles/HAVE_GL_GLU_H.c
/Users/webbhinton/my-fltk-examples/build_app/target/debug/build/fltk-sys-29840191a8293069/out/build/CMakeFiles/CheckIncludeFiles/HAVE_GL_GLU_H.c:2:10: fatal error: 'GL/glu.h' file not found
#include <GL/glu.h>
         ^~~~~~~~~~
1 error generated.
make[1]: *** [CMakeFiles/cmTC_e91ec.dir/HAVE_GL_GLU_H.c.o] Error 1
make: *** [cmTC_e91ec/fast] Error 2


Source:
/* */
#include <GL/glu.h>


int main(void){return 0;}

Determining if files libpng/png.h exist failed with the following output:
Change Dir: /Users/webbhinton/my-fltk-examples/build_app/target/debug/build/fltk-sys-29840191a8293069/out/build/CMakeFiles/CMakeTmp

Run Build Command(s):/usr/bin/make cmTC_1d917/fast && /Library/Developer/CommandLineTools/usr/bin/make  -f CMakeFiles/cmTC_1d917.dir/build.make CMakeFiles/cmTC_1d917.dir/build
Building C object CMakeFiles/cmTC_1d917.dir/HAVE_LIBPNG_PNG_H.c.o
/usr/bin/cc   -ffunction-sections -fdata-sections -fPIC -m64 -arch x86_64  -isysroot /Library/Developer/CommandLineTools/SDKs/MacOSX11.1.sdk -o CMakeFiles/cmTC_1d917.dir/HAVE_LIBPNG_PNG_H.c.o -c /Users/webbhinton/my-fltk-examples/build_app/target/debug/build/fltk-sys-29840191a8293069/out/build/CMakeFiles/CheckIncludeFiles/HAVE_LIBPNG_PNG_H.c
/Users/webbhinton/my-fltk-examples/build_app/target/debug/build/fltk-sys-29840191a8293069/out/build/CMakeFiles/CheckIncludeFiles/HAVE_LIBPNG_PNG_H.c:2:10: fatal error: 'libpng/png.h' file not found
#include <libpng/png.h>
         ^~~~~~~~~~~~~~
1 error generated.
make[1]: *** [CMakeFiles/cmTC_1d917.dir/HAVE_LIBPNG_PNG_H.c.o] Error 1
make: *** [cmTC_1d917/fast] Error 2


Source:
/* */
#include <libpng/png.h>


int main(void){return 0;}

Determining if files png.h exist failed with the following output:
Change Dir: /Users/webbhinton/my-fltk-examples/build_app/target/debug/build/fltk-sys-29840191a8293069/out/build/CMakeFiles/CMakeTmp

Run Build Command(s):/usr/bin/make cmTC_047b5/fast && /Library/Developer/CommandLineTools/usr/bin/make  -f CMakeFiles/cmTC_047b5.dir/build.make CMakeFiles/cmTC_047b5.dir/build
Building C object CMakeFiles/cmTC_047b5.dir/HAVE_PNG_H.c.o
/usr/bin/cc   -ffunction-sections -fdata-sections -fPIC -m64 -arch x86_64  -isysroot /Library/Developer/CommandLineTools/SDKs/MacOSX11.1.sdk -o CMakeFiles/cmTC_047b5.dir/HAVE_PNG_H.c.o -c /Users/webbhinton/my-fltk-examples/build_app/target/debug/build/fltk-sys-29840191a8293069/out/build/CMakeFiles/CheckIncludeFiles/HAVE_PNG_H.c
/Users/webbhinton/my-fltk-examples/build_app/target/debug/build/fltk-sys-29840191a8293069/out/build/CMakeFiles/CheckIncludeFiles/HAVE_PNG_H.c:2:10: fatal error: 'png.h' file not found
#include <png.h>
         ^~~~~~~
1 error generated.
make[1]: *** [CMakeFiles/cmTC_047b5.dir/HAVE_PNG_H.c.o] Error 1
make: *** [cmTC_047b5/fast] Error 2


Source:
/* */
#include <png.h>


int main(void){return 0;}

Determining if files sys/stdtypes.h exist failed with the following output:
Change Dir: /Users/webbhinton/my-fltk-examples/build_app/target/debug/build/fltk-sys-29840191a8293069/out/build/CMakeFiles/CMakeTmp

Run Build Command(s):/usr/bin/make cmTC_233e9/fast && /Library/Developer/CommandLineTools/usr/bin/make  -f CMakeFiles/cmTC_233e9.dir/build.make CMakeFiles/cmTC_233e9.dir/build
Building C object CMakeFiles/cmTC_233e9.dir/HAVE_SYS_STDTYPES_H.c.o
/usr/bin/cc   -ffunction-sections -fdata-sections -fPIC -m64 -arch x86_64  -isysroot /Library/Developer/CommandLineTools/SDKs/MacOSX11.1.sdk -o CMakeFiles/cmTC_233e9.dir/HAVE_SYS_STDTYPES_H.c.o -c /Users/webbhinton/my-fltk-examples/build_app/target/debug/build/fltk-sys-29840191a8293069/out/build/CMakeFiles/CheckIncludeFiles/HAVE_SYS_STDTYPES_H.c
/Users/webbhinton/my-fltk-examples/build_app/target/debug/build/fltk-sys-29840191a8293069/out/build/CMakeFiles/CheckIncludeFiles/HAVE_SYS_STDTYPES_H.c:2:10: fatal error: 'sys/stdtypes.h' file not found
#include <sys/stdtypes.h>
         ^~~~~~~~~~~~~~~~
1 error generated.
make[1]: *** [CMakeFiles/cmTC_233e9.dir/HAVE_SYS_STDTYPES_H.c.o] Error 1
make: *** [cmTC_233e9/fast] Error 2


Source:
/* */
#include <sys/stdtypes.h>


int main(void){return 0;}

Determining if files X11/Xlib.h;X11/Xregion.h exist failed with the following output:
Change Dir: /Users/webbhinton/my-fltk-examples/build_app/target/debug/build/fltk-sys-29840191a8293069/out/build/CMakeFiles/CMakeTmp

Run Build Command(s):/usr/bin/make cmTC_e8329/fast && /Library/Developer/CommandLineTools/usr/bin/make  -f CMakeFiles/cmTC_e8329.dir/build.make CMakeFiles/cmTC_e8329.dir/build
Building C object CMakeFiles/cmTC_e8329.dir/HAVE_X11_XREGION_H.c.o
/usr/bin/cc   -ffunction-sections -fdata-sections -fPIC -m64 -arch x86_64  -isysroot /Library/Developer/CommandLineTools/SDKs/MacOSX11.1.sdk -o CMakeFiles/cmTC_e8329.dir/HAVE_X11_XREGION_H.c.o -c /Users/webbhinton/my-fltk-examples/build_app/target/debug/build/fltk-sys-29840191a8293069/out/build/CMakeFiles/CheckIncludeFiles/HAVE_X11_XREGION_H.c
/Users/webbhinton/my-fltk-examples/build_app/target/debug/build/fltk-sys-29840191a8293069/out/build/CMakeFiles/CheckIncludeFiles/HAVE_X11_XREGION_H.c:2:10: fatal error: 'X11/Xlib.h' file not found
#include <X11/Xlib.h>
         ^~~~~~~~~~~~
1 error generated.
make[1]: *** [CMakeFiles/cmTC_e8329.dir/HAVE_X11_XREGION_H.c.o] Error 1
make: *** [cmTC_e8329/fast] Error 2


Source:
/* */
#include <X11/Xlib.h>
#include <X11/Xregion.h>


int main(void){return 0;}

Determining if files X11/Xlib.h;X11/extensions/Xdbe.h exist failed with the following output:
Change Dir: /Users/webbhinton/my-fltk-examples/build_app/target/debug/build/fltk-sys-29840191a8293069/out/build/CMakeFiles/CMakeTmp

Run Build Command(s):/usr/bin/make cmTC_cf965/fast && /Library/Developer/CommandLineTools/usr/bin/make  -f CMakeFiles/cmTC_cf965.dir/build.make CMakeFiles/cmTC_cf965.dir/build
Building C object CMakeFiles/cmTC_cf965.dir/HAVE_XDBE_H.c.o
/usr/bin/cc   -ffunction-sections -fdata-sections -fPIC -m64 -arch x86_64  -isysroot /Library/Developer/CommandLineTools/SDKs/MacOSX11.1.sdk -o CMakeFiles/cmTC_cf965.dir/HAVE_XDBE_H.c.o -c /Users/webbhinton/my-fltk-examples/build_app/target/debug/build/fltk-sys-29840191a8293069/out/build/CMakeFiles/CheckIncludeFiles/HAVE_XDBE_H.c
/Users/webbhinton/my-fltk-examples/build_app/target/debug/build/fltk-sys-29840191a8293069/out/build/CMakeFiles/CheckIncludeFiles/HAVE_XDBE_H.c:2:10: fatal error: 'X11/Xlib.h' file not found
#include <X11/Xlib.h>
         ^~~~~~~~~~~~
1 error generated.
make[1]: *** [CMakeFiles/cmTC_cf965.dir/HAVE_XDBE_H.c.o] Error 1
make: *** [cmTC_cf965/fast] Error 2


Source:
/* */
#include <X11/Xlib.h>
#include <X11/extensions/Xdbe.h>


int main(void){return 0;}

