The system is: Darwin - 20.2.0 - x86_64
Compiling the C compiler identification source file "CMakeCCompilerId.c" succeeded.
Compiler: /usr/bin/cc 
Build flags: ;-ffunction-sections;-fdata-sections;-fPIC;-m64;-arch;x86_64
Id flags:  

The output was:
0


Compilation of the C compiler identification source "CMakeCCompilerId.c" produced "a.out"

The C compiler identification is AppleClang, found in "/Users/webbhinton/my-fltk-examples/build_app/target/debug/build/fltk-sys-29840191a8293069/out/build/CMakeFiles/3.19.1/CompilerIdC/a.out"

Compiling the CXX compiler identification source file "CMakeCXXCompilerId.cpp" succeeded.
Compiler: /usr/bin/c++ 
Build flags: ;-ffunction-sections;-fdata-sections;-fPIC;-m64;-arch;x86_64
Id flags:  

The output was:
0


Compilation of the CXX compiler identification source "CMakeCXXCompilerId.cpp" produced "a.out"

The CXX compiler identification is AppleClang, found in "/Users/webbhinton/my-fltk-examples/build_app/target/debug/build/fltk-sys-29840191a8293069/out/build/CMakeFiles/3.19.1/CompilerIdCXX/a.out"

Detecting C compiler ABI info compiled with the following output:
Change Dir: /Users/webbhinton/my-fltk-examples/build_app/target/debug/build/fltk-sys-29840191a8293069/out/build/CMakeFiles/CMakeTmp

Run Build Command(s):/usr/bin/make cmTC_96474/fast && /Library/Developer/CommandLineTools/usr/bin/make  -f CMakeFiles/cmTC_96474.dir/build.make CMakeFiles/cmTC_96474.dir/build
Building C object CMakeFiles/cmTC_96474.dir/CMakeCCompilerABI.c.o
/usr/bin/cc   -ffunction-sections -fdata-sections -fPIC -m64 -arch x86_64  -isysroot /Library/Developer/CommandLineTools/SDKs/MacOSX11.1.sdk   -v -Wl,-v -o CMakeFiles/cmTC_96474.dir/CMakeCCompilerABI.c.o -c /Applications/CMake.app/Contents/share/cmake-3.19/Modules/CMakeCCompilerABI.c
Apple clang version 12.0.0 (clang-1200.0.32.28)
Target: x86_64-apple-darwin20.2.0
Thread model: posix
InstalledDir: /Library/Developer/CommandLineTools/usr/bin
clang: warning: -Wl,-v: 'linker' input unused [-Wunused-command-line-argument]
 "/Library/Developer/CommandLineTools/usr/bin/clang" -cc1 -triple x86_64-apple-macosx11.0.0 -Wdeprecated-objc-isa-usage -Werror=deprecated-objc-isa-usage -Werror=implicit-function-declaration -emit-obj -mrelax-all -disable-free -disable-llvm-verifier -discard-value-names -main-file-name CMakeCCompilerABI.c -mrelocation-model pic -pic-level 2 -mthread-model posix -mframe-pointer=all -fno-strict-return -masm-verbose -munwind-tables -target-sdk-version=11.1 -target-cpu penryn -dwarf-column-info -debugger-tuning=lldb -target-linker-version 609.8 -v -ffunction-sections -fdata-sections -resource-dir /Library/Developer/CommandLineTools/usr/lib/clang/12.0.0 -isysroot /Library/Developer/CommandLineTools/SDKs/MacOSX11.1.sdk -internal-isystem /Library/Developer/CommandLineTools/SDKs/MacOSX11.1.sdk/usr/local/include -internal-isystem /Library/Developer/CommandLineTools/usr/lib/clang/12.0.0/include -internal-externc-isystem /Library/Developer/CommandLineTools/SDKs/MacOSX11.1.sdk/usr/include -internal-externc-isystem /Library/Developer/CommandLineTools/usr/include -Wno-reorder-init-list -Wno-implicit-int-float-conversion -Wno-c99-designator -Wno-final-dtor-non-final-class -Wno-extra-semi-stmt -Wno-misleading-indentation -Wno-quoted-include-in-framework-header -Wno-implicit-fallthrough -Wno-enum-enum-conversion -Wno-enum-float-conversion -fdebug-compilation-dir /Users/webbhinton/my-fltk-examples/build_app/target/debug/build/fltk-sys-29840191a8293069/out/build/CMakeFiles/CMakeTmp -ferror-limit 19 -fmessage-length 0 -stack-protector 1 -fstack-check -mdarwin-stkchk-strong-link -fblocks -fencode-extended-block-signature -fregister-global-dtors-with-atexit -fgnuc-version=4.2.1 -fobjc-runtime=macosx-11.0.0 -fmax-type-align=16 -fdiagnostics-show-option -o CMakeFiles/cmTC_96474.dir/CMakeCCompilerABI.c.o -x c /Applications/CMake.app/Contents/share/cmake-3.19/Modules/CMakeCCompilerABI.c
clang -cc1 version 12.0.0 (clang-1200.0.32.28) default target x86_64-apple-darwin20.2.0
ignoring nonexistent directory "/Library/Developer/CommandLineTools/SDKs/MacOSX11.1.sdk/usr/local/include"
ignoring nonexistent directory "/Library/Developer/CommandLineTools/SDKs/MacOSX11.1.sdk/Library/Frameworks"
#include "..." search starts here:
#include <...> search starts here:
 /Library/Developer/CommandLineTools/usr/lib/clang/12.0.0/include
 /Library/Developer/CommandLineTools/SDKs/MacOSX11.1.sdk/usr/include
 /Library/Developer/CommandLineTools/usr/include
 /Library/Developer/CommandLineTools/SDKs/MacOSX11.1.sdk/System/Library/Frameworks (framework directory)
End of search list.
Linking C executable cmTC_96474
/Applications/CMake.app/Contents/bin/cmake -E cmake_link_script CMakeFiles/cmTC_96474.dir/link.txt --verbose=1
/usr/bin/cc  -ffunction-sections -fdata-sections -fPIC -m64 -arch x86_64  -isysroot /Library/Developer/CommandLineTools/SDKs/MacOSX11.1.sdk -Wl,-search_paths_first -Wl,-headerpad_max_install_names  -v -Wl,-v CMakeFiles/cmTC_96474.dir/CMakeCCompilerABI.c.o -o cmTC_96474 
Apple clang version 12.0.0 (clang-1200.0.32.28)
Target: x86_64-apple-darwin20.2.0
Thread model: posix
InstalledDir: /Library/Developer/CommandLineTools/usr/bin
 "/Library/Developer/CommandLineTools/usr/bin/ld" -demangle -lto_library /Library/Developer/CommandLineTools/usr/lib/libLTO.dylib -dynamic -arch x86_64 -platform_version macos 11.0.0 11.1 -syslibroot /Library/Developer/CommandLineTools/SDKs/MacOSX11.1.sdk -o cmTC_96474 -search_paths_first -headerpad_max_install_names -v CMakeFiles/cmTC_96474.dir/CMakeCCompilerABI.c.o -lSystem /Library/Developer/CommandLineTools/usr/lib/clang/12.0.0/lib/darwin/libclang_rt.osx.a
@(#)PROGRAM:ld  PROJECT:ld64-609.8
BUILD 20:09:52 Nov  4 2020
configured to support archs: armv6 armv7 armv7s arm64 arm64e arm64_32 i386 x86_64 x86_64h armv6m armv7k armv7m armv7em
Library search paths:
	/Library/Developer/CommandLineTools/SDKs/MacOSX11.1.sdk/usr/lib
Framework search paths:
	/Library/Developer/CommandLineTools/SDKs/MacOSX11.1.sdk/System/Library/Frameworks/



Parsed C implicit include dir info from above output: rv=done
  found start of include info
  found start of implicit include info
    add: [/Library/Developer/CommandLineTools/usr/lib/clang/12.0.0/include]
    add: [/Library/Developer/CommandLineTools/SDKs/MacOSX11.1.sdk/usr/include]
    add: [/Library/Developer/CommandLineTools/usr/include]
  end of search list found
  collapse include dir [/Library/Developer/CommandLineTools/usr/lib/clang/12.0.0/include] ==> [/Library/Developer/CommandLineTools/usr/lib/clang/12.0.0/include]
  collapse include dir [/Library/Developer/CommandLineTools/SDKs/MacOSX11.1.sdk/usr/include] ==> [/Library/Developer/CommandLineTools/SDKs/MacOSX11.1.sdk/usr/include]
  collapse include dir [/Library/Developer/CommandLineTools/usr/include] ==> [/Library/Developer/CommandLineTools/usr/include]
  implicit include dirs: [/Library/Developer/CommandLineTools/usr/lib/clang/12.0.0/include;/Library/Developer/CommandLineTools/SDKs/MacOSX11.1.sdk/usr/include;/Library/Developer/CommandLineTools/usr/include]


Parsed C implicit link information from above output:
  link line regex: [^( *|.*[/\])(ld|CMAKE_LINK_STARTFILE-NOTFOUND|([^/\]+-)?ld|collect2)[^/\]*( |$)]
  ignore line: [Change Dir: /Users/webbhinton/my-fltk-examples/build_app/target/debug/build/fltk-sys-29840191a8293069/out/build/CMakeFiles/CMakeTmp]
  ignore line: []
  ignore line: [Run Build Command(s):/usr/bin/make cmTC_96474/fast && /Library/Developer/CommandLineTools/usr/bin/make  -f CMakeFiles/cmTC_96474.dir/build.make CMakeFiles/cmTC_96474.dir/build]
  ignore line: [Building C object CMakeFiles/cmTC_96474.dir/CMakeCCompilerABI.c.o]
  ignore line: [/usr/bin/cc   -ffunction-sections -fdata-sections -fPIC -m64 -arch x86_64  -isysroot /Library/Developer/CommandLineTools/SDKs/MacOSX11.1.sdk   -v -Wl -v -o CMakeFiles/cmTC_96474.dir/CMakeCCompilerABI.c.o -c /Applications/CMake.app/Contents/share/cmake-3.19/Modules/CMakeCCompilerABI.c]
  ignore line: [Apple clang version 12.0.0 (clang-1200.0.32.28)]
  ignore line: [Target: x86_64-apple-darwin20.2.0]
  ignore line: [Thread model: posix]
  ignore line: [InstalledDir: /Library/Developer/CommandLineTools/usr/bin]
  ignore line: [clang: warning: -Wl -v: 'linker' input unused [-Wunused-command-line-argument]]
  ignore line: [ "/Library/Developer/CommandLineTools/usr/bin/clang" -cc1 -triple x86_64-apple-macosx11.0.0 -Wdeprecated-objc-isa-usage -Werror=deprecated-objc-isa-usage -Werror=implicit-function-declaration -emit-obj -mrelax-all -disable-free -disable-llvm-verifier -discard-value-names -main-file-name CMakeCCompilerABI.c -mrelocation-model pic -pic-level 2 -mthread-model posix -mframe-pointer=all -fno-strict-return -masm-verbose -munwind-tables -target-sdk-version=11.1 -target-cpu penryn -dwarf-column-info -debugger-tuning=lldb -target-linker-version 609.8 -v -ffunction-sections -fdata-sections -resource-dir /Library/Developer/CommandLineTools/usr/lib/clang/12.0.0 -isysroot /Library/Developer/CommandLineTools/SDKs/MacOSX11.1.sdk -internal-isystem /Library/Developer/CommandLineTools/SDKs/MacOSX11.1.sdk/usr/local/include -internal-isystem /Library/Developer/CommandLineTools/usr/lib/clang/12.0.0/include -internal-externc-isystem /Library/Developer/CommandLineTools/SDKs/MacOSX11.1.sdk/usr/include -internal-externc-isystem /Library/Developer/CommandLineTools/usr/include -Wno-reorder-init-list -Wno-implicit-int-float-conversion -Wno-c99-designator -Wno-final-dtor-non-final-class -Wno-extra-semi-stmt -Wno-misleading-indentation -Wno-quoted-include-in-framework-header -Wno-implicit-fallthrough -Wno-enum-enum-conversion -Wno-enum-float-conversion -fdebug-compilation-dir /Users/webbhinton/my-fltk-examples/build_app/target/debug/build/fltk-sys-29840191a8293069/out/build/CMakeFiles/CMakeTmp -ferror-limit 19 -fmessage-length 0 -stack-protector 1 -fstack-check -mdarwin-stkchk-strong-link -fblocks -fencode-extended-block-signature -fregister-global-dtors-with-atexit -fgnuc-version=4.2.1 -fobjc-runtime=macosx-11.0.0 -fmax-type-align=16 -fdiagnostics-show-option -o CMakeFiles/cmTC_96474.dir/CMakeCCompilerABI.c.o -x c /Applications/CMake.app/Contents/share/cmake-3.19/Modules/CMakeCCompilerABI.c]
  ignore line: [clang -cc1 version 12.0.0 (clang-1200.0.32.28) default target x86_64-apple-darwin20.2.0]
  ignore line: [ignoring nonexistent directory "/Library/Developer/CommandLineTools/SDKs/MacOSX11.1.sdk/usr/local/include"]
  ignore line: [ignoring nonexistent directory "/Library/Developer/CommandLineTools/SDKs/MacOSX11.1.sdk/Library/Frameworks"]
  ignore line: [#include "..." search starts here:]
  ignore line: [#include <...> search starts here:]
  ignore line: [ /Library/Developer/CommandLineTools/usr/lib/clang/12.0.0/include]
  ignore line: [ /Library/Developer/CommandLineTools/SDKs/MacOSX11.1.sdk/usr/include]
  ignore line: [ /Library/Developer/CommandLineTools/usr/include]
  ignore line: [ /Library/Developer/CommandLineTools/SDKs/MacOSX11.1.sdk/System/Library/Frameworks (framework directory)]
  ignore line: [End of search list.]
  ignore line: [Linking C executable cmTC_96474]
  ignore line: [/Applications/CMake.app/Contents/bin/cmake -E cmake_link_script CMakeFiles/cmTC_96474.dir/link.txt --verbose=1]
  ignore line: [/usr/bin/cc  -ffunction-sections -fdata-sections -fPIC -m64 -arch x86_64  -isysroot /Library/Developer/CommandLineTools/SDKs/MacOSX11.1.sdk -Wl -search_paths_first -Wl -headerpad_max_install_names  -v -Wl -v CMakeFiles/cmTC_96474.dir/CMakeCCompilerABI.c.o -o cmTC_96474 ]
  ignore line: [Apple clang version 12.0.0 (clang-1200.0.32.28)]
  ignore line: [Target: x86_64-apple-darwin20.2.0]
  ignore line: [Thread model: posix]
  ignore line: [InstalledDir: /Library/Developer/CommandLineTools/usr/bin]
  link line: [ "/Library/Developer/CommandLineTools/usr/bin/ld" -demangle -lto_library /Library/Developer/CommandLineTools/usr/lib/libLTO.dylib -dynamic -arch x86_64 -platform_version macos 11.0.0 11.1 -syslibroot /Library/Developer/CommandLineTools/SDKs/MacOSX11.1.sdk -o cmTC_96474 -search_paths_first -headerpad_max_install_names -v CMakeFiles/cmTC_96474.dir/CMakeCCompilerABI.c.o -lSystem /Library/Developer/CommandLineTools/usr/lib/clang/12.0.0/lib/darwin/libclang_rt.osx.a]
    arg [/Library/Developer/CommandLineTools/usr/bin/ld] ==> ignore
    arg [-demangle] ==> ignore
    arg [-lto_library] ==> ignore, skip following value
    arg [/Library/Developer/CommandLineTools/usr/lib/libLTO.dylib] ==> skip value of -lto_library
    arg [-dynamic] ==> ignore
    arg [-arch] ==> ignore
    arg [x86_64] ==> ignore
    arg [-platform_version] ==> ignore
    arg [macos] ==> ignore
    arg [11.0.0] ==> ignore
    arg [11.1] ==> ignore
    arg [-syslibroot] ==> ignore
    arg [/Library/Developer/CommandLineTools/SDKs/MacOSX11.1.sdk] ==> ignore
    arg [-o] ==> ignore
    arg [cmTC_96474] ==> ignore
    arg [-search_paths_first] ==> ignore
    arg [-headerpad_max_install_names] ==> ignore
    arg [-v] ==> ignore
    arg [CMakeFiles/cmTC_96474.dir/CMakeCCompilerABI.c.o] ==> ignore
    arg [-lSystem] ==> lib [System]
    arg [/Library/Developer/CommandLineTools/usr/lib/clang/12.0.0/lib/darwin/libclang_rt.osx.a] ==> lib [/Library/Developer/CommandLineTools/usr/lib/clang/12.0.0/lib/darwin/libclang_rt.osx.a]
  Library search paths: [;/Library/Developer/CommandLineTools/SDKs/MacOSX11.1.sdk/usr/lib]
  Framework search paths: [;/Library/Developer/CommandLineTools/SDKs/MacOSX11.1.sdk/System/Library/Frameworks/]
  remove lib [System]
  remove lib [/Library/Developer/CommandLineTools/usr/lib/clang/12.0.0/lib/darwin/libclang_rt.osx.a]
  collapse library dir [/Library/Developer/CommandLineTools/SDKs/MacOSX11.1.sdk/usr/lib] ==> [/Library/Developer/CommandLineTools/SDKs/MacOSX11.1.sdk/usr/lib]
  collapse framework dir [/Library/Developer/CommandLineTools/SDKs/MacOSX11.1.sdk/System/Library/Frameworks/] ==> [/Library/Developer/CommandLineTools/SDKs/MacOSX11.1.sdk/System/Library/Frameworks]
  implicit libs: []
  implicit dirs: [/Library/Developer/CommandLineTools/SDKs/MacOSX11.1.sdk/usr/lib]
  implicit fwks: [/Library/Developer/CommandLineTools/SDKs/MacOSX11.1.sdk/System/Library/Frameworks]


Detecting CXX compiler ABI info compiled with the following output:
Change Dir: /Users/webbhinton/my-fltk-examples/build_app/target/debug/build/fltk-sys-29840191a8293069/out/build/CMakeFiles/CMakeTmp

Run Build Command(s):/usr/bin/make cmTC_6d303/fast && /Library/Developer/CommandLineTools/usr/bin/make  -f CMakeFiles/cmTC_6d303.dir/build.make CMakeFiles/cmTC_6d303.dir/build
Building CXX object CMakeFiles/cmTC_6d303.dir/CMakeCXXCompilerABI.cpp.o
/usr/bin/c++   -ffunction-sections -fdata-sections -fPIC -m64 -arch x86_64  -isysroot /Library/Developer/CommandLineTools/SDKs/MacOSX11.1.sdk   -v -Wl,-v -o CMakeFiles/cmTC_6d303.dir/CMakeCXXCompilerABI.cpp.o -c /Applications/CMake.app/Contents/share/cmake-3.19/Modules/CMakeCXXCompilerABI.cpp
Apple clang version 12.0.0 (clang-1200.0.32.28)
Target: x86_64-apple-darwin20.2.0
Thread model: posix
InstalledDir: /Library/Developer/CommandLineTools/usr/bin
clang: warning: -Wl,-v: 'linker' input unused [-Wunused-command-line-argument]
ignoring nonexistent directory "/Library/Developer/CommandLineTools/SDKs/MacOSX11.1.sdk/usr/include/c++/v1"
 "/Library/Developer/CommandLineTools/usr/bin/clang" -cc1 -triple x86_64-apple-macosx11.0.0 -Wdeprecated-objc-isa-usage -Werror=deprecated-objc-isa-usage -Werror=implicit-function-declaration -emit-obj -mrelax-all -disable-free -disable-llvm-verifier -discard-value-names -main-file-name CMakeCXXCompilerABI.cpp -mrelocation-model pic -pic-level 2 -mthread-model posix -mframe-pointer=all -fno-strict-return -masm-verbose -munwind-tables -target-sdk-version=11.1 -target-cpu penryn -dwarf-column-info -debugger-tuning=lldb -target-linker-version 609.8 -v -ffunction-sections -fdata-sections -resource-dir /Library/Developer/CommandLineTools/usr/lib/clang/12.0.0 -isysroot /Library/Developer/CommandLineTools/SDKs/MacOSX11.1.sdk -stdlib=libc++ -internal-isystem /Library/Developer/CommandLineTools/usr/bin/../include/c++/v1 -internal-isystem /Library/Developer/CommandLineTools/SDKs/MacOSX11.1.sdk/usr/local/include -internal-isystem /Library/Developer/CommandLineTools/usr/lib/clang/12.0.0/include -internal-externc-isystem /Library/Developer/CommandLineTools/SDKs/MacOSX11.1.sdk/usr/include -internal-externc-isystem /Library/Developer/CommandLineTools/usr/include -Wno-reorder-init-list -Wno-implicit-int-float-conversion -Wno-c99-designator -Wno-final-dtor-non-final-class -Wno-extra-semi-stmt -Wno-misleading-indentation -Wno-quoted-include-in-framework-header -Wno-implicit-fallthrough -Wno-enum-enum-conversion -Wno-enum-float-conversion -fdeprecated-macro -fdebug-compilation-dir /Users/webbhinton/my-fltk-examples/build_app/target/debug/build/fltk-sys-29840191a8293069/out/build/CMakeFiles/CMakeTmp -ferror-limit 19 -fmessage-length 0 -stack-protector 1 -fstack-check -mdarwin-stkchk-strong-link -fblocks -fencode-extended-block-signature -fregister-global-dtors-with-atexit -fgnuc-version=4.2.1 -fobjc-runtime=macosx-11.0.0 -fcxx-exceptions -fexceptions -fmax-type-align=16 -fdiagnostics-show-option -o CMakeFiles/cmTC_6d303.dir/CMakeCXXCompilerABI.cpp.o -x c++ /Applications/CMake.app/Contents/share/cmake-3.19/Modules/CMakeCXXCompilerABI.cpp
clang -cc1 version 12.0.0 (clang-1200.0.32.28) default target x86_64-apple-darwin20.2.0
ignoring nonexistent directory "/Library/Developer/CommandLineTools/SDKs/MacOSX11.1.sdk/usr/local/include"
ignoring nonexistent directory "/Library/Developer/CommandLineTools/SDKs/MacOSX11.1.sdk/Library/Frameworks"
#include "..." search starts here:
#include <...> search starts here:
 /Library/Developer/CommandLineTools/usr/bin/../include/c++/v1
 /Library/Developer/CommandLineTools/usr/lib/clang/12.0.0/include
 /Library/Developer/CommandLineTools/SDKs/MacOSX11.1.sdk/usr/include
 /Library/Developer/CommandLineTools/usr/include
 /Library/Developer/CommandLineTools/SDKs/MacOSX11.1.sdk/System/Library/Frameworks (framework directory)
End of search list.
Linking CXX executable cmTC_6d303
/Applications/CMake.app/Contents/bin/cmake -E cmake_link_script CMakeFiles/cmTC_6d303.dir/link.txt --verbose=1
/usr/bin/c++  -ffunction-sections -fdata-sections -fPIC -m64 -arch x86_64  -isysroot /Library/Developer/CommandLineTools/SDKs/MacOSX11.1.sdk -Wl,-search_paths_first -Wl,-headerpad_max_install_names  -v -Wl,-v CMakeFiles/cmTC_6d303.dir/CMakeCXXCompilerABI.cpp.o -o cmTC_6d303 
Apple clang version 12.0.0 (clang-1200.0.32.28)
Target: x86_64-apple-darwin20.2.0
Thread model: posix
InstalledDir: /Library/Developer/CommandLineTools/usr/bin
 "/Library/Developer/CommandLineTools/usr/bin/ld" -demangle -lto_library /Library/Developer/CommandLineTools/usr/lib/libLTO.dylib -dynamic -arch x86_64 -platform_version macos 11.0.0 11.1 -syslibroot /Library/Developer/CommandLineTools/SDKs/MacOSX11.1.sdk -o cmTC_6d303 -search_paths_first -headerpad_max_install_names -v CMakeFiles/cmTC_6d303.dir/CMakeCXXCompilerABI.cpp.o -lc++ -lSystem /Library/Developer/CommandLineTools/usr/lib/clang/12.0.0/lib/darwin/libclang_rt.osx.a
@(#)PROGRAM:ld  PROJECT:ld64-609.8
BUILD 20:09:52 Nov  4 2020
configured to support archs: armv6 armv7 armv7s arm64 arm64e arm64_32 i386 x86_64 x86_64h armv6m armv7k armv7m armv7em
Library search paths:
	/Library/Developer/CommandLineTools/SDKs/MacOSX11.1.sdk/usr/lib
Framework search paths:
	/Library/Developer/CommandLineTools/SDKs/MacOSX11.1.sdk/System/Library/Frameworks/



Parsed CXX implicit include dir info from above output: rv=done
  found start of include info
  found start of implicit include info
    add: [/Library/Developer/CommandLineTools/usr/bin/../include/c++/v1]
    add: [/Library/Developer/CommandLineTools/usr/lib/clang/12.0.0/include]
    add: [/Library/Developer/CommandLineTools/SDKs/MacOSX11.1.sdk/usr/include]
    add: [/Library/Developer/CommandLineTools/usr/include]
  end of search list found
  collapse include dir [/Library/Developer/CommandLineTools/usr/bin/../include/c++/v1] ==> [/Library/Developer/CommandLineTools/usr/include/c++/v1]
  collapse include dir [/Library/Developer/CommandLineTools/usr/lib/clang/12.0.0/include] ==> [/Library/Developer/CommandLineTools/usr/lib/clang/12.0.0/include]
  collapse include dir [/Library/Developer/CommandLineTools/SDKs/MacOSX11.1.sdk/usr/include] ==> [/Library/Developer/CommandLineTools/SDKs/MacOSX11.1.sdk/usr/include]
  collapse include dir [/Library/Developer/CommandLineTools/usr/include] ==> [/Library/Developer/CommandLineTools/usr/include]
  implicit include dirs: [/Library/Developer/CommandLineTools/usr/include/c++/v1;/Library/Developer/CommandLineTools/usr/lib/clang/12.0.0/include;/Library/Developer/CommandLineTools/SDKs/MacOSX11.1.sdk/usr/include;/Library/Developer/CommandLineTools/usr/include]


Parsed CXX implicit link information from above output:
  link line regex: [^( *|.*[/\])(ld|CMAKE_LINK_STARTFILE-NOTFOUND|([^/\]+-)?ld|collect2)[^/\]*( |$)]
  ignore line: [Change Dir: /Users/webbhinton/my-fltk-examples/build_app/target/debug/build/fltk-sys-29840191a8293069/out/build/CMakeFiles/CMakeTmp]
  ignore line: []
  ignore line: [Run Build Command(s):/usr/bin/make cmTC_6d303/fast && /Library/Developer/CommandLineTools/usr/bin/make  -f CMakeFiles/cmTC_6d303.dir/build.make CMakeFiles/cmTC_6d303.dir/build]
  ignore line: [Building CXX object CMakeFiles/cmTC_6d303.dir/CMakeCXXCompilerABI.cpp.o]
  ignore line: [/usr/bin/c++   -ffunction-sections -fdata-sections -fPIC -m64 -arch x86_64  -isysroot /Library/Developer/CommandLineTools/SDKs/MacOSX11.1.sdk   -v -Wl -v -o CMakeFiles/cmTC_6d303.dir/CMakeCXXCompilerABI.cpp.o -c /Applications/CMake.app/Contents/share/cmake-3.19/Modules/CMakeCXXCompilerABI.cpp]
  ignore line: [Apple clang version 12.0.0 (clang-1200.0.32.28)]
  ignore line: [Target: x86_64-apple-darwin20.2.0]
  ignore line: [Thread model: posix]
  ignore line: [InstalledDir: /Library/Developer/CommandLineTools/usr/bin]
  ignore line: [clang: warning: -Wl -v: 'linker' input unused [-Wunused-command-line-argument]]
  ignore line: [ignoring nonexistent directory "/Library/Developer/CommandLineTools/SDKs/MacOSX11.1.sdk/usr/include/c++/v1"]
  ignore line: [ "/Library/Developer/CommandLineTools/usr/bin/clang" -cc1 -triple x86_64-apple-macosx11.0.0 -Wdeprecated-objc-isa-usage -Werror=deprecated-objc-isa-usage -Werror=implicit-function-declaration -emit-obj -mrelax-all -disable-free -disable-llvm-verifier -discard-value-names -main-file-name CMakeCXXCompilerABI.cpp -mrelocation-model pic -pic-level 2 -mthread-model posix -mframe-pointer=all -fno-strict-return -masm-verbose -munwind-tables -target-sdk-version=11.1 -target-cpu penryn -dwarf-column-info -debugger-tuning=lldb -target-linker-version 609.8 -v -ffunction-sections -fdata-sections -resource-dir /Library/Developer/CommandLineTools/usr/lib/clang/12.0.0 -isysroot /Library/Developer/CommandLineTools/SDKs/MacOSX11.1.sdk -stdlib=libc++ -internal-isystem /Library/Developer/CommandLineTools/usr/bin/../include/c++/v1 -internal-isystem /Library/Developer/CommandLineTools/SDKs/MacOSX11.1.sdk/usr/local/include -internal-isystem /Library/Developer/CommandLineTools/usr/lib/clang/12.0.0/include -internal-externc-isystem /Library/Developer/CommandLineTools/SDKs/MacOSX11.1.sdk/usr/include -internal-externc-isystem /Library/Developer/CommandLineTools/usr/include -Wno-reorder-init-list -Wno-implicit-int-float-conversion -Wno-c99-designator -Wno-final-dtor-non-final-class -Wno-extra-semi-stmt -Wno-misleading-indentation -Wno-quoted-include-in-framework-header -Wno-implicit-fallthrough -Wno-enum-enum-conversion -Wno-enum-float-conversion -fdeprecated-macro -fdebug-compilation-dir /Users/webbhinton/my-fltk-examples/build_app/target/debug/build/fltk-sys-29840191a8293069/out/build/CMakeFiles/CMakeTmp -ferror-limit 19 -fmessage-length 0 -stack-protector 1 -fstack-check -mdarwin-stkchk-strong-link -fblocks -fencode-extended-block-signature -fregister-global-dtors-with-atexit -fgnuc-version=4.2.1 -fobjc-runtime=macosx-11.0.0 -fcxx-exceptions -fexceptions -fmax-type-align=16 -fdiagnostics-show-option -o CMakeFiles/cmTC_6d303.dir/CMakeCXXCompilerABI.cpp.o -x c++ /Applications/CMake.app/Contents/share/cmake-3.19/Modules/CMakeCXXCompilerABI.cpp]
  ignore line: [clang -cc1 version 12.0.0 (clang-1200.0.32.28) default target x86_64-apple-darwin20.2.0]
  ignore line: [ignoring nonexistent directory "/Library/Developer/CommandLineTools/SDKs/MacOSX11.1.sdk/usr/local/include"]
  ignore line: [ignoring nonexistent directory "/Library/Developer/CommandLineTools/SDKs/MacOSX11.1.sdk/Library/Frameworks"]
  ignore line: [#include "..." search starts here:]
  ignore line: [#include <...> search starts here:]
  ignore line: [ /Library/Developer/CommandLineTools/usr/bin/../include/c++/v1]
  ignore line: [ /Library/Developer/CommandLineTools/usr/lib/clang/12.0.0/include]
  ignore line: [ /Library/Developer/CommandLineTools/SDKs/MacOSX11.1.sdk/usr/include]
  ignore line: [ /Library/Developer/CommandLineTools/usr/include]
  ignore line: [ /Library/Developer/CommandLineTools/SDKs/MacOSX11.1.sdk/System/Library/Frameworks (framework directory)]
  ignore line: [End of search list.]
  ignore line: [Linking CXX executable cmTC_6d303]
  ignore line: [/Applications/CMake.app/Contents/bin/cmake -E cmake_link_script CMakeFiles/cmTC_6d303.dir/link.txt --verbose=1]
  ignore line: [/usr/bin/c++  -ffunction-sections -fdata-sections -fPIC -m64 -arch x86_64  -isysroot /Library/Developer/CommandLineTools/SDKs/MacOSX11.1.sdk -Wl -search_paths_first -Wl -headerpad_max_install_names  -v -Wl -v CMakeFiles/cmTC_6d303.dir/CMakeCXXCompilerABI.cpp.o -o cmTC_6d303 ]
  ignore line: [Apple clang version 12.0.0 (clang-1200.0.32.28)]
  ignore line: [Target: x86_64-apple-darwin20.2.0]
  ignore line: [Thread model: posix]
  ignore line: [InstalledDir: /Library/Developer/CommandLineTools/usr/bin]
  link line: [ "/Library/Developer/CommandLineTools/usr/bin/ld" -demangle -lto_library /Library/Developer/CommandLineTools/usr/lib/libLTO.dylib -dynamic -arch x86_64 -platform_version macos 11.0.0 11.1 -syslibroot /Library/Developer/CommandLineTools/SDKs/MacOSX11.1.sdk -o cmTC_6d303 -search_paths_first -headerpad_max_install_names -v CMakeFiles/cmTC_6d303.dir/CMakeCXXCompilerABI.cpp.o -lc++ -lSystem /Library/Developer/CommandLineTools/usr/lib/clang/12.0.0/lib/darwin/libclang_rt.osx.a]
    arg [/Library/Developer/CommandLineTools/usr/bin/ld] ==> ignore
    arg [-demangle] ==> ignore
    arg [-lto_library] ==> ignore, skip following value
    arg [/Library/Developer/CommandLineTools/usr/lib/libLTO.dylib] ==> skip value of -lto_library
    arg [-dynamic] ==> ignore
    arg [-arch] ==> ignore
    arg [x86_64] ==> ignore
    arg [-platform_version] ==> ignore
    arg [macos] ==> ignore
    arg [11.0.0] ==> ignore
    arg [11.1] ==> ignore
    arg [-syslibroot] ==> ignore
    arg [/Library/Developer/CommandLineTools/SDKs/MacOSX11.1.sdk] ==> ignore
    arg [-o] ==> ignore
    arg [cmTC_6d303] ==> ignore
    arg [-search_paths_first] ==> ignore
    arg [-headerpad_max_install_names] ==> ignore
    arg [-v] ==> ignore
    arg [CMakeFiles/cmTC_6d303.dir/CMakeCXXCompilerABI.cpp.o] ==> ignore
    arg [-lc++] ==> lib [c++]
    arg [-lSystem] ==> lib [System]
    arg [/Library/Developer/CommandLineTools/usr/lib/clang/12.0.0/lib/darwin/libclang_rt.osx.a] ==> lib [/Library/Developer/CommandLineTools/usr/lib/clang/12.0.0/lib/darwin/libclang_rt.osx.a]
  Library search paths: [;/Library/Developer/CommandLineTools/SDKs/MacOSX11.1.sdk/usr/lib]
  Framework search paths: [;/Library/Developer/CommandLineTools/SDKs/MacOSX11.1.sdk/System/Library/Frameworks/]
  remove lib [System]
  remove lib [/Library/Developer/CommandLineTools/usr/lib/clang/12.0.0/lib/darwin/libclang_rt.osx.a]
  collapse library dir [/Library/Developer/CommandLineTools/SDKs/MacOSX11.1.sdk/usr/lib] ==> [/Library/Developer/CommandLineTools/SDKs/MacOSX11.1.sdk/usr/lib]
  collapse framework dir [/Library/Developer/CommandLineTools/SDKs/MacOSX11.1.sdk/System/Library/Frameworks/] ==> [/Library/Developer/CommandLineTools/SDKs/MacOSX11.1.sdk/System/Library/Frameworks]
  implicit libs: [c++]
  implicit dirs: [/Library/Developer/CommandLineTools/SDKs/MacOSX11.1.sdk/usr/lib]
  implicit fwks: [/Library/Developer/CommandLineTools/SDKs/MacOSX11.1.sdk/System/Library/Frameworks]


Determining if the include file sys/types.h exists passed with the following output:
Change Dir: /Users/webbhinton/my-fltk-examples/build_app/target/debug/build/fltk-sys-29840191a8293069/out/build/CMakeFiles/CMakeTmp

Run Build Command(s):/usr/bin/make cmTC_a5ba3/fast && /Library/Developer/CommandLineTools/usr/bin/make  -f CMakeFiles/cmTC_a5ba3.dir/build.make CMakeFiles/cmTC_a5ba3.dir/build
Building C object CMakeFiles/cmTC_a5ba3.dir/CheckIncludeFile.c.o
/usr/bin/cc   -ffunction-sections -fdata-sections -fPIC -m64 -arch x86_64  -isysroot /Library/Developer/CommandLineTools/SDKs/MacOSX11.1.sdk -o CMakeFiles/cmTC_a5ba3.dir/CheckIncludeFile.c.o -c /Users/webbhinton/my-fltk-examples/build_app/target/debug/build/fltk-sys-29840191a8293069/out/build/CMakeFiles/CMakeTmp/CheckIncludeFile.c
Linking C executable cmTC_a5ba3
/Applications/CMake.app/Contents/bin/cmake -E cmake_link_script CMakeFiles/cmTC_a5ba3.dir/link.txt --verbose=1
/usr/bin/cc  -ffunction-sections -fdata-sections -fPIC -m64 -arch x86_64  -isysroot /Library/Developer/CommandLineTools/SDKs/MacOSX11.1.sdk -Wl,-search_paths_first -Wl,-headerpad_max_install_names CMakeFiles/cmTC_a5ba3.dir/CheckIncludeFile.c.o -o cmTC_a5ba3 



Determining if the include file stdint.h exists passed with the following output:
Change Dir: /Users/webbhinton/my-fltk-examples/build_app/target/debug/build/fltk-sys-29840191a8293069/out/build/CMakeFiles/CMakeTmp

Run Build Command(s):/usr/bin/make cmTC_d07ba/fast && /Library/Developer/CommandLineTools/usr/bin/make  -f CMakeFiles/cmTC_d07ba.dir/build.make CMakeFiles/cmTC_d07ba.dir/build
Building C object CMakeFiles/cmTC_d07ba.dir/CheckIncludeFile.c.o
/usr/bin/cc   -ffunction-sections -fdata-sections -fPIC -m64 -arch x86_64  -isysroot /Library/Developer/CommandLineTools/SDKs/MacOSX11.1.sdk -o CMakeFiles/cmTC_d07ba.dir/CheckIncludeFile.c.o -c /Users/webbhinton/my-fltk-examples/build_app/target/debug/build/fltk-sys-29840191a8293069/out/build/CMakeFiles/CMakeTmp/CheckIncludeFile.c
Linking C executable cmTC_d07ba
/Applications/CMake.app/Contents/bin/cmake -E cmake_link_script CMakeFiles/cmTC_d07ba.dir/link.txt --verbose=1
/usr/bin/cc  -ffunction-sections -fdata-sections -fPIC -m64 -arch x86_64  -isysroot /Library/Developer/CommandLineTools/SDKs/MacOSX11.1.sdk -Wl,-search_paths_first -Wl,-headerpad_max_install_names CMakeFiles/cmTC_d07ba.dir/CheckIncludeFile.c.o -o cmTC_d07ba 



Determining if the include file stddef.h exists passed with the following output:
Change Dir: /Users/webbhinton/my-fltk-examples/build_app/target/debug/build/fltk-sys-29840191a8293069/out/build/CMakeFiles/CMakeTmp

Run Build Command(s):/usr/bin/make cmTC_f8af6/fast && /Library/Developer/CommandLineTools/usr/bin/make  -f CMakeFiles/cmTC_f8af6.dir/build.make CMakeFiles/cmTC_f8af6.dir/build
Building C object CMakeFiles/cmTC_f8af6.dir/CheckIncludeFile.c.o
/usr/bin/cc   -ffunction-sections -fdata-sections -fPIC -m64 -arch x86_64  -isysroot /Library/Developer/CommandLineTools/SDKs/MacOSX11.1.sdk -o CMakeFiles/cmTC_f8af6.dir/CheckIncludeFile.c.o -c /Users/webbhinton/my-fltk-examples/build_app/target/debug/build/fltk-sys-29840191a8293069/out/build/CMakeFiles/CMakeTmp/CheckIncludeFile.c
Linking C executable cmTC_f8af6
/Applications/CMake.app/Contents/bin/cmake -E cmake_link_script CMakeFiles/cmTC_f8af6.dir/link.txt --verbose=1
/usr/bin/cc  -ffunction-sections -fdata-sections -fPIC -m64 -arch x86_64  -isysroot /Library/Developer/CommandLineTools/SDKs/MacOSX11.1.sdk -Wl,-search_paths_first -Wl,-headerpad_max_install_names CMakeFiles/cmTC_f8af6.dir/CheckIncludeFile.c.o -o cmTC_f8af6 



Determining size of unsigned short passed with the following output:
Change Dir: /Users/webbhinton/my-fltk-examples/build_app/target/debug/build/fltk-sys-29840191a8293069/out/build/CMakeFiles/CMakeTmp

Run Build Command(s):/usr/bin/make cmTC_23232/fast && /Library/Developer/CommandLineTools/usr/bin/make  -f CMakeFiles/cmTC_23232.dir/build.make CMakeFiles/cmTC_23232.dir/build
Building C object CMakeFiles/cmTC_23232.dir/CMAKE_SIZEOF_UNSIGNED_SHORT.c.o
/usr/bin/cc   -ffunction-sections -fdata-sections -fPIC -m64 -arch x86_64  -isysroot /Library/Developer/CommandLineTools/SDKs/MacOSX11.1.sdk -o CMakeFiles/cmTC_23232.dir/CMAKE_SIZEOF_UNSIGNED_SHORT.c.o -c /Users/webbhinton/my-fltk-examples/build_app/target/debug/build/fltk-sys-29840191a8293069/out/build/CMakeFiles/CheckTypeSize/CMAKE_SIZEOF_UNSIGNED_SHORT.c
Linking C executable cmTC_23232
/Applications/CMake.app/Contents/bin/cmake -E cmake_link_script CMakeFiles/cmTC_23232.dir/link.txt --verbose=1
/usr/bin/cc  -ffunction-sections -fdata-sections -fPIC -m64 -arch x86_64  -isysroot /Library/Developer/CommandLineTools/SDKs/MacOSX11.1.sdk -Wl,-search_paths_first -Wl,-headerpad_max_install_names CMakeFiles/cmTC_23232.dir/CMAKE_SIZEOF_UNSIGNED_SHORT.c.o -o cmTC_23232 



Determining if the system is big endian passed with the following output:
Change Dir: /Users/webbhinton/my-fltk-examples/build_app/target/debug/build/fltk-sys-29840191a8293069/out/build/CMakeFiles/CMakeTmp

Run Build Command(s):/usr/bin/make cmTC_847be/fast && /Library/Developer/CommandLineTools/usr/bin/make  -f CMakeFiles/cmTC_847be.dir/build.make CMakeFiles/cmTC_847be.dir/build
Building C object CMakeFiles/cmTC_847be.dir/TestEndianess.c.o
/usr/bin/cc   -ffunction-sections -fdata-sections -fPIC -m64 -arch x86_64  -isysroot /Library/Developer/CommandLineTools/SDKs/MacOSX11.1.sdk -o CMakeFiles/cmTC_847be.dir/TestEndianess.c.o -c /Users/webbhinton/my-fltk-examples/build_app/target/debug/build/fltk-sys-29840191a8293069/out/build/CMakeFiles/CMakeTmp/TestEndianess.c
Linking C executable cmTC_847be
/Applications/CMake.app/Contents/bin/cmake -E cmake_link_script CMakeFiles/cmTC_847be.dir/link.txt --verbose=1
/usr/bin/cc  -ffunction-sections -fdata-sections -fPIC -m64 -arch x86_64  -isysroot /Library/Developer/CommandLineTools/SDKs/MacOSX11.1.sdk -Wl,-search_paths_first -Wl,-headerpad_max_install_names CMakeFiles/cmTC_847be.dir/TestEndianess.c.o -o cmTC_847be 


TestEndianess.c:
/* A 16 bit integer is required. */
typedef unsigned short cmakeint16;

/* On a little endian machine, these 16bit ints will give "THIS IS LITTLE ENDIAN."
   On a big endian machine the characters will be exchanged pairwise. */
const cmakeint16 info_little[] =  {0x4854, 0x5349, 0x4920, 0x2053, 0x494c, 0x5454, 0x454c, 0x4520, 0x444e, 0x4149, 0x2e4e, 0x0000};

/* on a big endian machine, these 16bit ints will give "THIS IS BIG ENDIAN."
   On a little endian machine the characters will be exchanged pairwise. */
const cmakeint16 info_big[] =     {0x5448, 0x4953, 0x2049, 0x5320, 0x4249, 0x4720, 0x454e, 0x4449, 0x414e, 0x2e2e, 0x0000};

#ifdef __CLASSIC_C__
int main(argc, argv) int argc; char *argv[];
#else
int main(int argc, char *argv[])
#endif
{
  int require = 0;
  require += info_little[argc];
  require += info_big[argc];
  (void)argv;
  return require;
}


Determining size of short passed with the following output:
Change Dir: /Users/webbhinton/my-fltk-examples/build_app/target/debug/build/fltk-sys-29840191a8293069/out/build/CMakeFiles/CMakeTmp

Run Build Command(s):/usr/bin/make cmTC_0e5e3/fast && /Library/Developer/CommandLineTools/usr/bin/make  -f CMakeFiles/cmTC_0e5e3.dir/build.make CMakeFiles/cmTC_0e5e3.dir/build
Building C object CMakeFiles/cmTC_0e5e3.dir/SIZEOF_SHORT.c.o
/usr/bin/cc   -ffunction-sections -fdata-sections -fPIC -m64 -arch x86_64  -isysroot /Library/Developer/CommandLineTools/SDKs/MacOSX11.1.sdk -o CMakeFiles/cmTC_0e5e3.dir/SIZEOF_SHORT.c.o -c /Users/webbhinton/my-fltk-examples/build_app/target/debug/build/fltk-sys-29840191a8293069/out/build/CMakeFiles/CheckTypeSize/SIZEOF_SHORT.c
Linking C executable cmTC_0e5e3
/Applications/CMake.app/Contents/bin/cmake -E cmake_link_script CMakeFiles/cmTC_0e5e3.dir/link.txt --verbose=1
/usr/bin/cc  -ffunction-sections -fdata-sections -fPIC -m64 -arch x86_64  -isysroot /Library/Developer/CommandLineTools/SDKs/MacOSX11.1.sdk -Wl,-search_paths_first -Wl,-headerpad_max_install_names  -framework Cocoa  CMakeFiles/cmTC_0e5e3.dir/SIZEOF_SHORT.c.o -o cmTC_0e5e3 



Determining size of int passed with the following output:
Change Dir: /Users/webbhinton/my-fltk-examples/build_app/target/debug/build/fltk-sys-29840191a8293069/out/build/CMakeFiles/CMakeTmp

Run Build Command(s):/usr/bin/make cmTC_f7767/fast && /Library/Developer/CommandLineTools/usr/bin/make  -f CMakeFiles/cmTC_f7767.dir/build.make CMakeFiles/cmTC_f7767.dir/build
Building C object CMakeFiles/cmTC_f7767.dir/SIZEOF_INT.c.o
/usr/bin/cc   -ffunction-sections -fdata-sections -fPIC -m64 -arch x86_64  -isysroot /Library/Developer/CommandLineTools/SDKs/MacOSX11.1.sdk -o CMakeFiles/cmTC_f7767.dir/SIZEOF_INT.c.o -c /Users/webbhinton/my-fltk-examples/build_app/target/debug/build/fltk-sys-29840191a8293069/out/build/CMakeFiles/CheckTypeSize/SIZEOF_INT.c
Linking C executable cmTC_f7767
/Applications/CMake.app/Contents/bin/cmake -E cmake_link_script CMakeFiles/cmTC_f7767.dir/link.txt --verbose=1
/usr/bin/cc  -ffunction-sections -fdata-sections -fPIC -m64 -arch x86_64  -isysroot /Library/Developer/CommandLineTools/SDKs/MacOSX11.1.sdk -Wl,-search_paths_first -Wl,-headerpad_max_install_names  -framework Cocoa  CMakeFiles/cmTC_f7767.dir/SIZEOF_INT.c.o -o cmTC_f7767 



Determining size of long passed with the following output:
Change Dir: /Users/webbhinton/my-fltk-examples/build_app/target/debug/build/fltk-sys-29840191a8293069/out/build/CMakeFiles/CMakeTmp

Run Build Command(s):/usr/bin/make cmTC_838d8/fast && /Library/Developer/CommandLineTools/usr/bin/make  -f CMakeFiles/cmTC_838d8.dir/build.make CMakeFiles/cmTC_838d8.dir/build
Building C object CMakeFiles/cmTC_838d8.dir/SIZEOF_LONG.c.o
/usr/bin/cc   -ffunction-sections -fdata-sections -fPIC -m64 -arch x86_64  -isysroot /Library/Developer/CommandLineTools/SDKs/MacOSX11.1.sdk -o CMakeFiles/cmTC_838d8.dir/SIZEOF_LONG.c.o -c /Users/webbhinton/my-fltk-examples/build_app/target/debug/build/fltk-sys-29840191a8293069/out/build/CMakeFiles/CheckTypeSize/SIZEOF_LONG.c
Linking C executable cmTC_838d8
/Applications/CMake.app/Contents/bin/cmake -E cmake_link_script CMakeFiles/cmTC_838d8.dir/link.txt --verbose=1
/usr/bin/cc  -ffunction-sections -fdata-sections -fPIC -m64 -arch x86_64  -isysroot /Library/Developer/CommandLineTools/SDKs/MacOSX11.1.sdk -Wl,-search_paths_first -Wl,-headerpad_max_install_names  -framework Cocoa  CMakeFiles/cmTC_838d8.dir/SIZEOF_LONG.c.o -o cmTC_838d8 



Determining size of long long passed with the following output:
Change Dir: /Users/webbhinton/my-fltk-examples/build_app/target/debug/build/fltk-sys-29840191a8293069/out/build/CMakeFiles/CMakeTmp

Run Build Command(s):/usr/bin/make cmTC_659a4/fast && /Library/Developer/CommandLineTools/usr/bin/make  -f CMakeFiles/cmTC_659a4.dir/build.make CMakeFiles/cmTC_659a4.dir/build
Building C object CMakeFiles/cmTC_659a4.dir/HAVE_LONG_LONG.c.o
/usr/bin/cc   -ffunction-sections -fdata-sections -fPIC -m64 -arch x86_64  -isysroot /Library/Developer/CommandLineTools/SDKs/MacOSX11.1.sdk -o CMakeFiles/cmTC_659a4.dir/HAVE_LONG_LONG.c.o -c /Users/webbhinton/my-fltk-examples/build_app/target/debug/build/fltk-sys-29840191a8293069/out/build/CMakeFiles/CheckTypeSize/HAVE_LONG_LONG.c
Linking C executable cmTC_659a4
/Applications/CMake.app/Contents/bin/cmake -E cmake_link_script CMakeFiles/cmTC_659a4.dir/link.txt --verbose=1
/usr/bin/cc  -ffunction-sections -fdata-sections -fPIC -m64 -arch x86_64  -isysroot /Library/Developer/CommandLineTools/SDKs/MacOSX11.1.sdk -Wl,-search_paths_first -Wl,-headerpad_max_install_names  -framework Cocoa  CMakeFiles/cmTC_659a4.dir/HAVE_LONG_LONG.c.o -o cmTC_659a4 



Determining if files dlfcn.h exist passed with the following output:
Change Dir: /Users/webbhinton/my-fltk-examples/build_app/target/debug/build/fltk-sys-29840191a8293069/out/build/CMakeFiles/CMakeTmp

Run Build Command(s):/usr/bin/make cmTC_cdefc/fast && /Library/Developer/CommandLineTools/usr/bin/make  -f CMakeFiles/cmTC_cdefc.dir/build.make CMakeFiles/cmTC_cdefc.dir/build
Building C object CMakeFiles/cmTC_cdefc.dir/HAVE_DLFCN_H.c.o
/usr/bin/cc   -ffunction-sections -fdata-sections -fPIC -m64 -arch x86_64  -isysroot /Library/Developer/CommandLineTools/SDKs/MacOSX11.1.sdk -o CMakeFiles/cmTC_cdefc.dir/HAVE_DLFCN_H.c.o -c /Users/webbhinton/my-fltk-examples/build_app/target/debug/build/fltk-sys-29840191a8293069/out/build/CMakeFiles/CheckIncludeFiles/HAVE_DLFCN_H.c
Linking C executable cmTC_cdefc
/Applications/CMake.app/Contents/bin/cmake -E cmake_link_script CMakeFiles/cmTC_cdefc.dir/link.txt --verbose=1
/usr/bin/cc  -ffunction-sections -fdata-sections -fPIC -m64 -arch x86_64  -isysroot /Library/Developer/CommandLineTools/SDKs/MacOSX11.1.sdk -Wl,-search_paths_first -Wl,-headerpad_max_install_names  -framework Cocoa  CMakeFiles/cmTC_cdefc.dir/HAVE_DLFCN_H.c.o -o cmTC_cdefc 



Determining if files locale.h exist passed with the following output:
Change Dir: /Users/webbhinton/my-fltk-examples/build_app/target/debug/build/fltk-sys-29840191a8293069/out/build/CMakeFiles/CMakeTmp

Run Build Command(s):/usr/bin/make cmTC_05436/fast && /Library/Developer/CommandLineTools/usr/bin/make  -f CMakeFiles/cmTC_05436.dir/build.make CMakeFiles/cmTC_05436.dir/build
Building C object CMakeFiles/cmTC_05436.dir/HAVE_LOCALE_H.c.o
/usr/bin/cc   -ffunction-sections -fdata-sections -fPIC -m64 -arch x86_64  -isysroot /Library/Developer/CommandLineTools/SDKs/MacOSX11.1.sdk -o CMakeFiles/cmTC_05436.dir/HAVE_LOCALE_H.c.o -c /Users/webbhinton/my-fltk-examples/build_app/target/debug/build/fltk-sys-29840191a8293069/out/build/CMakeFiles/CheckIncludeFiles/HAVE_LOCALE_H.c
Linking C executable cmTC_05436
/Applications/CMake.app/Contents/bin/cmake -E cmake_link_script CMakeFiles/cmTC_05436.dir/link.txt --verbose=1
/usr/bin/cc  -ffunction-sections -fdata-sections -fPIC -m64 -arch x86_64  -isysroot /Library/Developer/CommandLineTools/SDKs/MacOSX11.1.sdk -Wl,-search_paths_first -Wl,-headerpad_max_install_names  -framework Cocoa  CMakeFiles/cmTC_05436.dir/HAVE_LOCALE_H.c.o -o cmTC_05436 



Determining if files OpenGL/glu.h exist passed with the following output:
Change Dir: /Users/webbhinton/my-fltk-examples/build_app/target/debug/build/fltk-sys-29840191a8293069/out/build/CMakeFiles/CMakeTmp

Run Build Command(s):/usr/bin/make cmTC_69e13/fast && /Library/Developer/CommandLineTools/usr/bin/make  -f CMakeFiles/cmTC_69e13.dir/build.make CMakeFiles/cmTC_69e13.dir/build
Building C object CMakeFiles/cmTC_69e13.dir/HAVE_OPENGL_GLU_H.c.o
/usr/bin/cc   -ffunction-sections -fdata-sections -fPIC -m64 -arch x86_64  -isysroot /Library/Developer/CommandLineTools/SDKs/MacOSX11.1.sdk -o CMakeFiles/cmTC_69e13.dir/HAVE_OPENGL_GLU_H.c.o -c /Users/webbhinton/my-fltk-examples/build_app/target/debug/build/fltk-sys-29840191a8293069/out/build/CMakeFiles/CheckIncludeFiles/HAVE_OPENGL_GLU_H.c
Linking C executable cmTC_69e13
/Applications/CMake.app/Contents/bin/cmake -E cmake_link_script CMakeFiles/cmTC_69e13.dir/link.txt --verbose=1
/usr/bin/cc  -ffunction-sections -fdata-sections -fPIC -m64 -arch x86_64  -isysroot /Library/Developer/CommandLineTools/SDKs/MacOSX11.1.sdk -Wl,-search_paths_first -Wl,-headerpad_max_install_names  -framework Cocoa  CMakeFiles/cmTC_69e13.dir/HAVE_OPENGL_GLU_H.c.o -o cmTC_69e13 



Determining if files stdio.h exist passed with the following output:
Change Dir: /Users/webbhinton/my-fltk-examples/build_app/target/debug/build/fltk-sys-29840191a8293069/out/build/CMakeFiles/CMakeTmp

Run Build Command(s):/usr/bin/make cmTC_8ebe6/fast && /Library/Developer/CommandLineTools/usr/bin/make  -f CMakeFiles/cmTC_8ebe6.dir/build.make CMakeFiles/cmTC_8ebe6.dir/build
Building C object CMakeFiles/cmTC_8ebe6.dir/HAVE_STDIO_H.c.o
/usr/bin/cc   -ffunction-sections -fdata-sections -fPIC -m64 -arch x86_64  -isysroot /Library/Developer/CommandLineTools/SDKs/MacOSX11.1.sdk -o CMakeFiles/cmTC_8ebe6.dir/HAVE_STDIO_H.c.o -c /Users/webbhinton/my-fltk-examples/build_app/target/debug/build/fltk-sys-29840191a8293069/out/build/CMakeFiles/CheckIncludeFiles/HAVE_STDIO_H.c
Linking C executable cmTC_8ebe6
/Applications/CMake.app/Contents/bin/cmake -E cmake_link_script CMakeFiles/cmTC_8ebe6.dir/link.txt --verbose=1
/usr/bin/cc  -ffunction-sections -fdata-sections -fPIC -m64 -arch x86_64  -isysroot /Library/Developer/CommandLineTools/SDKs/MacOSX11.1.sdk -Wl,-search_paths_first -Wl,-headerpad_max_install_names  -framework Cocoa  CMakeFiles/cmTC_8ebe6.dir/HAVE_STDIO_H.c.o -o cmTC_8ebe6 



Determining if files strings.h exist passed with the following output:
Change Dir: /Users/webbhinton/my-fltk-examples/build_app/target/debug/build/fltk-sys-29840191a8293069/out/build/CMakeFiles/CMakeTmp

Run Build Command(s):/usr/bin/make cmTC_bd0e6/fast && /Library/Developer/CommandLineTools/usr/bin/make  -f CMakeFiles/cmTC_bd0e6.dir/build.make CMakeFiles/cmTC_bd0e6.dir/build
Building C object CMakeFiles/cmTC_bd0e6.dir/HAVE_STRINGS_H.c.o
/usr/bin/cc   -ffunction-sections -fdata-sections -fPIC -m64 -arch x86_64  -isysroot /Library/Developer/CommandLineTools/SDKs/MacOSX11.1.sdk -o CMakeFiles/cmTC_bd0e6.dir/HAVE_STRINGS_H.c.o -c /Users/webbhinton/my-fltk-examples/build_app/target/debug/build/fltk-sys-29840191a8293069/out/build/CMakeFiles/CheckIncludeFiles/HAVE_STRINGS_H.c
Linking C executable cmTC_bd0e6
/Applications/CMake.app/Contents/bin/cmake -E cmake_link_script CMakeFiles/cmTC_bd0e6.dir/link.txt --verbose=1
/usr/bin/cc  -ffunction-sections -fdata-sections -fPIC -m64 -arch x86_64  -isysroot /Library/Developer/CommandLineTools/SDKs/MacOSX11.1.sdk -Wl,-search_paths_first -Wl,-headerpad_max_install_names  -framework Cocoa  CMakeFiles/cmTC_bd0e6.dir/HAVE_STRINGS_H.c.o -o cmTC_bd0e6 



Determining if files sys/select.h exist passed with the following output:
Change Dir: /Users/webbhinton/my-fltk-examples/build_app/target/debug/build/fltk-sys-29840191a8293069/out/build/CMakeFiles/CMakeTmp

Run Build Command(s):/usr/bin/make cmTC_67e27/fast && /Library/Developer/CommandLineTools/usr/bin/make  -f CMakeFiles/cmTC_67e27.dir/build.make CMakeFiles/cmTC_67e27.dir/build
Building C object CMakeFiles/cmTC_67e27.dir/HAVE_SYS_SELECT_H.c.o
/usr/bin/cc   -ffunction-sections -fdata-sections -fPIC -m64 -arch x86_64  -isysroot /Library/Developer/CommandLineTools/SDKs/MacOSX11.1.sdk -o CMakeFiles/cmTC_67e27.dir/HAVE_SYS_SELECT_H.c.o -c /Users/webbhinton/my-fltk-examples/build_app/target/debug/build/fltk-sys-29840191a8293069/out/build/CMakeFiles/CheckIncludeFiles/HAVE_SYS_SELECT_H.c
Linking C executable cmTC_67e27
/Applications/CMake.app/Contents/bin/cmake -E cmake_link_script CMakeFiles/cmTC_67e27.dir/link.txt --verbose=1
/usr/bin/cc  -ffunction-sections -fdata-sections -fPIC -m64 -arch x86_64  -isysroot /Library/Developer/CommandLineTools/SDKs/MacOSX11.1.sdk -Wl,-search_paths_first -Wl,-headerpad_max_install_names  -framework Cocoa  CMakeFiles/cmTC_67e27.dir/HAVE_SYS_SELECT_H.c.o -o cmTC_67e27 



Determining if files pthread.h exist passed with the following output:
Change Dir: /Users/webbhinton/my-fltk-examples/build_app/target/debug/build/fltk-sys-29840191a8293069/out/build/CMakeFiles/CMakeTmp

Run Build Command(s):/usr/bin/make cmTC_0e1a5/fast && /Library/Developer/CommandLineTools/usr/bin/make  -f CMakeFiles/cmTC_0e1a5.dir/build.make CMakeFiles/cmTC_0e1a5.dir/build
Building C object CMakeFiles/cmTC_0e1a5.dir/HAVE_PTHREAD_H.c.o
/usr/bin/cc   -ffunction-sections -fdata-sections -fPIC -m64 -arch x86_64  -isysroot /Library/Developer/CommandLineTools/SDKs/MacOSX11.1.sdk -o CMakeFiles/cmTC_0e1a5.dir/HAVE_PTHREAD_H.c.o -c /Users/webbhinton/my-fltk-examples/build_app/target/debug/build/fltk-sys-29840191a8293069/out/build/CMakeFiles/CheckIncludeFiles/HAVE_PTHREAD_H.c
Linking C executable cmTC_0e1a5
/Applications/CMake.app/Contents/bin/cmake -E cmake_link_script CMakeFiles/cmTC_0e1a5.dir/link.txt --verbose=1
/usr/bin/cc  -ffunction-sections -fdata-sections -fPIC -m64 -arch x86_64  -isysroot /Library/Developer/CommandLineTools/SDKs/MacOSX11.1.sdk -Wl,-search_paths_first -Wl,-headerpad_max_install_names  -framework Cocoa  CMakeFiles/cmTC_0e1a5.dir/HAVE_PTHREAD_H.c.o -o cmTC_0e1a5 



Determining if the function dlsym exists passed with the following output:
Change Dir: /Users/webbhinton/my-fltk-examples/build_app/target/debug/build/fltk-sys-29840191a8293069/out/build/CMakeFiles/CMakeTmp

Run Build Command(s):/usr/bin/make cmTC_ebff6/fast && /Library/Developer/CommandLineTools/usr/bin/make  -f CMakeFiles/cmTC_ebff6.dir/build.make CMakeFiles/cmTC_ebff6.dir/build
Building C object CMakeFiles/cmTC_ebff6.dir/CheckFunctionExists.c.o
/usr/bin/cc   -ffunction-sections -fdata-sections -fPIC -m64 -arch x86_64 -DCHECK_FUNCTION_EXISTS=dlsym -isysroot /Library/Developer/CommandLineTools/SDKs/MacOSX11.1.sdk -o CMakeFiles/cmTC_ebff6.dir/CheckFunctionExists.c.o -c /Applications/CMake.app/Contents/share/cmake-3.19/Modules/CheckFunctionExists.c
Linking C executable cmTC_ebff6
/Applications/CMake.app/Contents/bin/cmake -E cmake_link_script CMakeFiles/cmTC_ebff6.dir/link.txt --verbose=1
/usr/bin/cc  -ffunction-sections -fdata-sections -fPIC -m64 -arch x86_64 -DCHECK_FUNCTION_EXISTS=dlsym -isysroot /Library/Developer/CommandLineTools/SDKs/MacOSX11.1.sdk -Wl,-search_paths_first -Wl,-headerpad_max_install_names  -framework Cocoa  CMakeFiles/cmTC_ebff6.dir/CheckFunctionExists.c.o -o cmTC_ebff6 



Determining if the function localeconv exists passed with the following output:
Change Dir: /Users/webbhinton/my-fltk-examples/build_app/target/debug/build/fltk-sys-29840191a8293069/out/build/CMakeFiles/CMakeTmp

Run Build Command(s):/usr/bin/make cmTC_35dd9/fast && /Library/Developer/CommandLineTools/usr/bin/make  -f CMakeFiles/cmTC_35dd9.dir/build.make CMakeFiles/cmTC_35dd9.dir/build
Building C object CMakeFiles/cmTC_35dd9.dir/CheckFunctionExists.c.o
/usr/bin/cc   -ffunction-sections -fdata-sections -fPIC -m64 -arch x86_64 -DCHECK_FUNCTION_EXISTS=localeconv -isysroot /Library/Developer/CommandLineTools/SDKs/MacOSX11.1.sdk -o CMakeFiles/cmTC_35dd9.dir/CheckFunctionExists.c.o -c /Applications/CMake.app/Contents/share/cmake-3.19/Modules/CheckFunctionExists.c
Linking C executable cmTC_35dd9
/Applications/CMake.app/Contents/bin/cmake -E cmake_link_script CMakeFiles/cmTC_35dd9.dir/link.txt --verbose=1
/usr/bin/cc  -ffunction-sections -fdata-sections -fPIC -m64 -arch x86_64 -DCHECK_FUNCTION_EXISTS=localeconv -isysroot /Library/Developer/CommandLineTools/SDKs/MacOSX11.1.sdk -Wl,-search_paths_first -Wl,-headerpad_max_install_names  -framework Cocoa  CMakeFiles/cmTC_35dd9.dir/CheckFunctionExists.c.o -o cmTC_35dd9 



Determining if the function png_get_valid exists passed with the following output:
Change Dir: /Users/webbhinton/my-fltk-examples/build_app/target/debug/build/fltk-sys-29840191a8293069/out/build/CMakeFiles/CMakeTmp

Run Build Command(s):/usr/bin/make cmTC_ab456/fast && /Library/Developer/CommandLineTools/usr/bin/make  -f CMakeFiles/cmTC_ab456.dir/build.make CMakeFiles/cmTC_ab456.dir/build
Building C object CMakeFiles/cmTC_ab456.dir/CheckFunctionExists.c.o
/usr/bin/cc   -ffunction-sections -fdata-sections -fPIC -m64 -arch x86_64 -DCHECK_FUNCTION_EXISTS=png_get_valid -isysroot /Library/Developer/CommandLineTools/SDKs/MacOSX11.1.sdk -o CMakeFiles/cmTC_ab456.dir/CheckFunctionExists.c.o -c /Applications/CMake.app/Contents/share/cmake-3.19/Modules/CheckFunctionExists.c
Linking C executable cmTC_ab456
/Applications/CMake.app/Contents/bin/cmake -E cmake_link_script CMakeFiles/cmTC_ab456.dir/link.txt --verbose=1
/usr/bin/cc  -ffunction-sections -fdata-sections -fPIC -m64 -arch x86_64 -DCHECK_FUNCTION_EXISTS=png_get_valid -isysroot /Library/Developer/CommandLineTools/SDKs/MacOSX11.1.sdk -Wl,-search_paths_first -Wl,-headerpad_max_install_names  -framework Cocoa  CMakeFiles/cmTC_ab456.dir/CheckFunctionExists.c.o -o cmTC_ab456  /usr/local/lib/libpng.dylib 



Determining if the function png_set_tRNS_to_alpha exists passed with the following output:
Change Dir: /Users/webbhinton/my-fltk-examples/build_app/target/debug/build/fltk-sys-29840191a8293069/out/build/CMakeFiles/CMakeTmp

Run Build Command(s):/usr/bin/make cmTC_8d101/fast && /Library/Developer/CommandLineTools/usr/bin/make  -f CMakeFiles/cmTC_8d101.dir/build.make CMakeFiles/cmTC_8d101.dir/build
Building C object CMakeFiles/cmTC_8d101.dir/CheckFunctionExists.c.o
/usr/bin/cc   -ffunction-sections -fdata-sections -fPIC -m64 -arch x86_64 -DCHECK_FUNCTION_EXISTS=png_set_tRNS_to_alpha -isysroot /Library/Developer/CommandLineTools/SDKs/MacOSX11.1.sdk -o CMakeFiles/cmTC_8d101.dir/CheckFunctionExists.c.o -c /Applications/CMake.app/Contents/share/cmake-3.19/Modules/CheckFunctionExists.c
Linking C executable cmTC_8d101
/Applications/CMake.app/Contents/bin/cmake -E cmake_link_script CMakeFiles/cmTC_8d101.dir/link.txt --verbose=1
/usr/bin/cc  -ffunction-sections -fdata-sections -fPIC -m64 -arch x86_64 -DCHECK_FUNCTION_EXISTS=png_set_tRNS_to_alpha -isysroot /Library/Developer/CommandLineTools/SDKs/MacOSX11.1.sdk -Wl,-search_paths_first -Wl,-headerpad_max_install_names  -framework Cocoa  CMakeFiles/cmTC_8d101.dir/CheckFunctionExists.c.o -o cmTC_8d101  /usr/local/lib/libpng.dylib 



Determining if the function strlcat exists passed with the following output:
Change Dir: /Users/webbhinton/my-fltk-examples/build_app/target/debug/build/fltk-sys-29840191a8293069/out/build/CMakeFiles/CMakeTmp

Run Build Command(s):/usr/bin/make cmTC_de077/fast && /Library/Developer/CommandLineTools/usr/bin/make  -f CMakeFiles/cmTC_de077.dir/build.make CMakeFiles/cmTC_de077.dir/build
Building C object CMakeFiles/cmTC_de077.dir/CheckFunctionExists.c.o
/usr/bin/cc   -ffunction-sections -fdata-sections -fPIC -m64 -arch x86_64 -DCHECK_FUNCTION_EXISTS=strlcat -isysroot /Library/Developer/CommandLineTools/SDKs/MacOSX11.1.sdk -o CMakeFiles/cmTC_de077.dir/CheckFunctionExists.c.o -c /Applications/CMake.app/Contents/share/cmake-3.19/Modules/CheckFunctionExists.c
/Applications/CMake.app/Contents/share/cmake-3.19/Modules/CheckFunctionExists.c:7:3: warning: incompatible redeclaration of library function 'strlcat' [-Wincompatible-library-redeclaration]
  CHECK_FUNCTION_EXISTS(void);
  ^
<command line>:1:31: note: expanded from here
#define CHECK_FUNCTION_EXISTS strlcat
                              ^
/Applications/CMake.app/Contents/share/cmake-3.19/Modules/CheckFunctionExists.c:7:3: note: 'strlcat' is a builtin with type 'unsigned long (char *, const char *, unsigned long)'
<command line>:1:31: note: expanded from here
#define CHECK_FUNCTION_EXISTS strlcat
                              ^
1 warning generated.
Linking C executable cmTC_de077
/Applications/CMake.app/Contents/bin/cmake -E cmake_link_script CMakeFiles/cmTC_de077.dir/link.txt --verbose=1
/usr/bin/cc  -ffunction-sections -fdata-sections -fPIC -m64 -arch x86_64 -DCHECK_FUNCTION_EXISTS=strlcat -isysroot /Library/Developer/CommandLineTools/SDKs/MacOSX11.1.sdk -Wl,-search_paths_first -Wl,-headerpad_max_install_names  -framework Cocoa  CMakeFiles/cmTC_de077.dir/CheckFunctionExists.c.o -o cmTC_de077 



Determining if the function strlcpy exists passed with the following output:
Change Dir: /Users/webbhinton/my-fltk-examples/build_app/target/debug/build/fltk-sys-29840191a8293069/out/build/CMakeFiles/CMakeTmp

Run Build Command(s):/usr/bin/make cmTC_8b901/fast && /Library/Developer/CommandLineTools/usr/bin/make  -f CMakeFiles/cmTC_8b901.dir/build.make CMakeFiles/cmTC_8b901.dir/build
Building C object CMakeFiles/cmTC_8b901.dir/CheckFunctionExists.c.o
/usr/bin/cc   -ffunction-sections -fdata-sections -fPIC -m64 -arch x86_64 -DCHECK_FUNCTION_EXISTS=strlcpy -isysroot /Library/Developer/CommandLineTools/SDKs/MacOSX11.1.sdk -o CMakeFiles/cmTC_8b901.dir/CheckFunctionExists.c.o -c /Applications/CMake.app/Contents/share/cmake-3.19/Modules/CheckFunctionExists.c
/Applications/CMake.app/Contents/share/cmake-3.19/Modules/CheckFunctionExists.c:7:3: warning: incompatible redeclaration of library function 'strlcpy' [-Wincompatible-library-redeclaration]
  CHECK_FUNCTION_EXISTS(void);
  ^
<command line>:1:31: note: expanded from here
#define CHECK_FUNCTION_EXISTS strlcpy
                              ^
/Applications/CMake.app/Contents/share/cmake-3.19/Modules/CheckFunctionExists.c:7:3: note: 'strlcpy' is a builtin with type 'unsigned long (char *, const char *, unsigned long)'
<command line>:1:31: note: expanded from here
#define CHECK_FUNCTION_EXISTS strlcpy
                              ^
1 warning generated.
Linking C executable cmTC_8b901
/Applications/CMake.app/Contents/bin/cmake -E cmake_link_script CMakeFiles/cmTC_8b901.dir/link.txt --verbose=1
/usr/bin/cc  -ffunction-sections -fdata-sections -fPIC -m64 -arch x86_64 -DCHECK_FUNCTION_EXISTS=strlcpy -isysroot /Library/Developer/CommandLineTools/SDKs/MacOSX11.1.sdk -Wl,-search_paths_first -Wl,-headerpad_max_install_names  -framework Cocoa  CMakeFiles/cmTC_8b901.dir/CheckFunctionExists.c.o -o cmTC_8b901 



Determining if the include file pthread.h exists passed with the following output:
Change Dir: /Users/webbhinton/my-fltk-examples/build_app/target/debug/build/fltk-sys-29840191a8293069/out/build/CMakeFiles/CMakeTmp

Run Build Command(s):/usr/bin/make cmTC_67523/fast && /Library/Developer/CommandLineTools/usr/bin/make  -f CMakeFiles/cmTC_67523.dir/build.make CMakeFiles/cmTC_67523.dir/build
Building C object CMakeFiles/cmTC_67523.dir/CheckIncludeFile.c.o
/usr/bin/cc   -ffunction-sections -fdata-sections -fPIC -m64 -arch x86_64  -isysroot /Library/Developer/CommandLineTools/SDKs/MacOSX11.1.sdk -o CMakeFiles/cmTC_67523.dir/CheckIncludeFile.c.o -c /Users/webbhinton/my-fltk-examples/build_app/target/debug/build/fltk-sys-29840191a8293069/out/build/CMakeFiles/CMakeTmp/CheckIncludeFile.c
Linking C executable cmTC_67523
/Applications/CMake.app/Contents/bin/cmake -E cmake_link_script CMakeFiles/cmTC_67523.dir/link.txt --verbose=1
/usr/bin/cc  -ffunction-sections -fdata-sections -fPIC -m64 -arch x86_64  -isysroot /Library/Developer/CommandLineTools/SDKs/MacOSX11.1.sdk -Wl,-search_paths_first -Wl,-headerpad_max_install_names  -framework Cocoa  CMakeFiles/cmTC_67523.dir/CheckIncludeFile.c.o -o cmTC_67523 



Performing C SOURCE FILE Test CMAKE_HAVE_LIBC_PTHREAD succeeded with the following output:
Change Dir: /Users/webbhinton/my-fltk-examples/build_app/target/debug/build/fltk-sys-29840191a8293069/out/build/CMakeFiles/CMakeTmp

Run Build Command(s):/usr/bin/make cmTC_2cc0c/fast && /Library/Developer/CommandLineTools/usr/bin/make  -f CMakeFiles/cmTC_2cc0c.dir/build.make CMakeFiles/cmTC_2cc0c.dir/build
Building C object CMakeFiles/cmTC_2cc0c.dir/src.c.o
/usr/bin/cc -DCMAKE_HAVE_LIBC_PTHREAD  -ffunction-sections -fdata-sections -fPIC -m64 -arch x86_64  -isysroot /Library/Developer/CommandLineTools/SDKs/MacOSX11.1.sdk -o CMakeFiles/cmTC_2cc0c.dir/src.c.o -c /Users/webbhinton/my-fltk-examples/build_app/target/debug/build/fltk-sys-29840191a8293069/out/build/CMakeFiles/CMakeTmp/src.c
Linking C executable cmTC_2cc0c
/Applications/CMake.app/Contents/bin/cmake -E cmake_link_script CMakeFiles/cmTC_2cc0c.dir/link.txt --verbose=1
/usr/bin/cc  -ffunction-sections -fdata-sections -fPIC -m64 -arch x86_64  -isysroot /Library/Developer/CommandLineTools/SDKs/MacOSX11.1.sdk -Wl,-search_paths_first -Wl,-headerpad_max_install_names  -framework Cocoa  CMakeFiles/cmTC_2cc0c.dir/src.c.o -o cmTC_2cc0c 


Source file was:
#include <pthread.h>

static void* test_func(void* data)
{
  return data;
}

int main(void)
{
  pthread_t thread;
  pthread_create(&thread, NULL, test_func, NULL);
  pthread_detach(thread);
  pthread_cancel(thread);
  pthread_join(thread, NULL);
  pthread_atfork(NULL, NULL, NULL);
  pthread_exit(NULL);

  return 0;
}

